TN:
SF:script/NftAuction.s.sol
DA:17,0
FN:17,NftAuctionScript.setUp
FNDA:0,NftAuctionScript.setUp
DA:19,0
DA:20,0
DA:21,0
DA:24,0
FN:24,NftAuctionScript.run
FNDA:0,NftAuctionScript.run
DA:25,0
DA:28,0
DA:29,0
DA:32,0
DA:35,0
DA:36,0
DA:39,0
DA:43,0
DA:44,0
DA:47,0
DA:48,0
DA:49,0
DA:51,0
DA:53,0
DA:54,0
DA:55,0
DA:56,0
DA:57,0
FNF:2
FNH:0
LF:23
LH:0
BRF:0
BRH:0
end_of_record
TN:
SF:src/NftAuction.sol
DA:86,19
FN:86,NftAuction.initialize
FNDA:19,NftAuction.initialize
DA:87,19
DA:90,0
FN:90,NftAuction._authorizeUpgrade
FNDA:0,NftAuction._authorizeUpgrade
DA:92,0
BRDA:92,0,0,-
BRDA:92,0,1,-
DA:102,11
FN:102,NftAuction.getChainlinkDataFeedLatestAnswer
FNDA:11,NftAuction.getChainlinkDataFeedLatestAnswer
DA:105,11
DA:107,11
DA:113,11
DA:114,11
DA:118,38
FN:118,NftAuction.setPriceFeed
FNDA:38,NftAuction.setPriceFeed
DA:119,38
BRDA:119,1,0,-
BRDA:119,1,1,38
DA:120,38
DA:124,20
FN:124,NftAuction.createAuction
FNDA:20,NftAuction.createAuction
DA:132,20
BRDA:132,2,0,-
BRDA:132,2,1,20
DA:134,20
BRDA:134,3,0,1
BRDA:134,3,1,19
DA:136,19
BRDA:136,4,0,-
BRDA:136,4,1,19
DA:138,19
BRDA:138,5,0,1
BRDA:138,5,1,18
DA:139,18
DA:141,18
DA:143,18
BRDA:143,6,0,1
BRDA:143,6,1,17
DA:145,17
BRDA:145,7,0,1
BRDA:145,7,1,16
DA:147,16
BRDA:147,8,0,1
BRDA:147,8,1,15
DA:151,15
DA:153,15
DA:155,15
DA:156,15
DA:157,15
BRDA:157,9,0,3
DA:159,3
DA:161,15
DA:176,15
DA:178,15
DA:187,15
DA:212,14
FN:212,NftAuction.placeBid
FNDA:14,NftAuction.placeBid
DA:213,14
DA:214,14
BRDA:214,10,0,-
BRDA:214,10,1,14
DA:216,14
BRDA:216,11,0,3
DA:217,3
BRDA:217,12,0,1
BRDA:217,12,1,2
DA:218,2
DA:220,13
BRDA:220,13,0,-
BRDA:220,13,1,13
DA:221,13
BRDA:221,14,0,1
BRDA:221,14,1,12
DA:222,12
BRDA:222,15,0,1
BRDA:222,15,1,11
DA:223,11
BRDA:223,16,0,-
BRDA:223,16,1,11
DA:224,11
DA:226,11
DA:227,11
BRDA:227,17,0,9
BRDA:227,17,1,2
DA:228,9
DA:230,2
DA:233,11
DA:234,11
BRDA:234,18,0,5
BRDA:234,18,1,6
DA:236,5
DA:238,6
BRDA:238,19,0,-
BRDA:238,19,1,6
DA:239,6
DA:240,6
DA:243,11
BRDA:243,20,0,2
BRDA:243,20,1,9
DA:246,9
DA:247,9
DA:248,9
DA:251,9
DA:252,9
DA:253,9
DA:254,9
DA:257,9
BRDA:257,21,0,4
BRDA:257,21,1,4
DA:259,4
DA:260,4
BRDA:260,22,0,-
BRDA:260,22,1,4
DA:266,9
BRDA:266,23,0,1
DA:268,1
BRDA:268,24,0,1
BRDA:268,24,1,-
DA:270,1
DA:271,1
BRDA:271,25,0,-
BRDA:271,25,1,1
DA:274,0
DA:275,0
BRDA:275,26,0,-
BRDA:275,26,1,-
DA:279,9
DA:284,2
FN:284,NftAuction.endAuction
FNDA:2,NftAuction.endAuction
DA:285,2
DA:286,2
DA:288,2
BRDA:288,27,0,-
BRDA:288,27,1,2
DA:290,2
BRDA:290,28,0,-
BRDA:290,28,1,2
DA:291,2
BRDA:291,29,0,-
BRDA:291,29,1,2
DA:293,2
DA:294,2
DA:295,2
DA:296,2
DA:297,2
DA:299,2
BRDA:299,30,0,-
DA:300,0
DA:302,0
DA:304,0
DA:305,0
DA:306,0
DA:309,2
DA:311,2
DA:313,2
BRDA:313,31,0,1
BRDA:313,31,1,1
DA:315,1
DA:316,1
BRDA:316,32,0,-
BRDA:316,32,1,1
DA:319,1
DA:320,1
DA:321,1
BRDA:321,33,0,-
BRDA:321,33,1,1
DA:324,2
DA:326,2
DA:334,0
FN:334,NftAuction.cancelAuction
FNDA:0,NftAuction.cancelAuction
DA:336,0
BRDA:336,34,0,-
BRDA:336,34,1,-
DA:337,0
DA:339,0
BRDA:339,35,0,-
BRDA:339,35,1,-
DA:341,0
BRDA:341,36,0,-
BRDA:341,36,1,-
DA:343,0
BRDA:343,37,0,-
BRDA:343,37,1,-
DA:345,0
BRDA:345,38,0,-
BRDA:345,38,1,-
DA:346,0
DA:348,0
DA:350,0
DA:352,0
DA:353,0
FNF:8
FNH:6
LF:110
LH:89
BRF:74
BRH:44
end_of_record
TN:
SF:test/mocks/MockAggregator.sol
DA:11,38
FN:11,MockAggregator.constructor
FNDA:38,MockAggregator.constructor
DA:12,38
DA:15,0
FN:15,MockAggregator.decimals
FNDA:0,MockAggregator.decimals
DA:16,0
DA:19,0
FN:19,MockAggregator.description
FNDA:0,MockAggregator.description
DA:20,0
DA:23,0
FN:23,MockAggregator.version
FNDA:0,MockAggregator.version
DA:24,0
DA:27,0
FN:27,MockAggregator.getRoundData
FNDA:0,MockAggregator.getRoundData
DA:28,0
DA:31,16
FN:31,MockAggregator.latestRoundData
FNDA:16,MockAggregator.latestRoundData
DA:35,16
DA:38,0
FN:38,MockAggregator.setPrice
FNDA:0,MockAggregator.setPrice
DA:39,0
FNF:7
FNH:2
LF:14
LH:4
BRF:0
BRH:0
end_of_record
TN:
SF:test/mocks/MockERC20.sol
DA:10,38
FN:10,MockERC20.mint
FNDA:38,MockERC20.mint
DA:11,38
FNF:1
FNH:1
LF:2
LH:2
BRF:0
BRH:0
end_of_record
TN:
SF:test/mocks/MockMyNft.sol
DA:12,19
FN:12,MockMyNft.mint
FNDA:19,MockMyNft.mint
DA:13,19
DA:14,19
DA:15,19
FNF:1
FNH:1
LF:4
LH:4
BRF:0
BRH:0
end_of_record
